<?xml version="1.0" encoding="UTF-8"?>
<!-- Generated by org.testng.reporters.JUnitReportReporter -->
<testsuite hostname="NandhiniBS" failures="0" tests="3" name="tests.SearchTest" time="37.925" errors="0" timestamp="2025-02-28T16:55:11 IST" skipped="0">
  <testcase classname="tests.SearchTest" name="testSearchFunctionality" time="14.536"/>
  <testcase classname="tests.SearchTest" name="testSearchFunctionality" time="11.295"/>
  <testcase classname="tests.SearchTest" name="testSearchFunctionality" time="12.094"/>
</testsuite> <!-- tests.SearchTest -->
