<?xml version="1.0" encoding="UTF-8"?>
<!-- Generated by org.testng.reporters.JUnitReportReporter -->
<testsuite hostname="NandhiniBS" failures="0" tests="3" name="tests.SearchTest" time="45.906" errors="0" timestamp="2025-02-28T15:24:53 IST" skipped="0">
  <testcase classname="tests.SearchTest" name="testSearchFunctionality" time="21.626"/>
  <testcase classname="tests.SearchTest" name="testSearchFunctionality" time="13.787"/>
  <testcase classname="tests.SearchTest" name="testSearchFunctionality" time="10.493"/>
</testsuite> <!-- tests.SearchTest -->
